[09/Mar/2015 08:33:33] "GET / HTTP/1.1" 200 797
[09/Mar/2015 08:39:39] "GET / HTTP/1.1" 200 797
[09/Mar/2015 08:42:35] "GET / HTTP/1.1" 200 797
[09/Mar/2015 08:43:51] "GET / HTTP/1.1" 200 797
[09/Mar/2015 08:47:57] "GET / HTTP/1.1" 200 797
[09/Mar/2015 08:48:00] "GET /favicon.ico HTTP/1.1" 404 1938
[09/Mar/2015 08:52:16] "GET / HTTP/1.1" 200 797
[09/Mar/2015 08:52:24] "GET /favicon.ico HTTP/1.1" 404 1938
[09/Mar/2015 09:18:55] "GET / HTTP/1.1" 200 797
[09/Mar/2015 09:18:56] "GET /favicon.ico HTTP/1.1" 404 1938
[09/Mar/2015 10:42:14] "GET / HTTP/1.1" 200 797
[09/Mar/2015 10:42:18] "GET /favicon.ico HTTP/1.1" 404 1938
[09/Mar/2015 11:02:37] "GET / HTTP/1.1" 200 797
[09/Mar/2015 11:02:42] "GET /favicon.ico HTTP/1.1" 404 1938
[09/Mar/2015 11:38:00] "GET / HTTP/1.1" 200 797
[09/Mar/2015 11:38:02] "GET /favicon.ico HTTP/1.1" 404 1938
[09/Mar/2015 11:38:02] "GET /favicon.ico HTTP/1.1" 404 1938
[09/Mar/2015 12:55:37] "GET /favicon.ico HTTP/1.1" 404 1938
[10/Mar/2015 02:42:55] "GET / HTTP/1.1" 200 797
[10/Mar/2015 16:19:56] "GET http://www.google.com/ HTTP/1.0" 404 1656
[16/Mar/2015 11:00:30] "GET / HTTP/1.1" 200 797
[16/Mar/2015 11:00:32] "GET /favicon.ico HTTP/1.1" 404 1938
Traceback (most recent call last):
  File "/usr/lib/python2.7/SocketServer.py", line 593, in process_request_thread
    self.finish_request(request, client_address)
  File "/usr/lib/python2.7/SocketServer.py", line 334, in finish_request
    self.RequestHandlerClass(request, client_address, self)
  File "/usr/local/lib/python2.7/dist-packages/django/core/servers/basehttp.py", line 129, in __init__
    super(WSGIRequestHandler, self).__init__(*args, **kwargs)
  File "/usr/lib/python2.7/SocketServer.py", line 649, in __init__
    self.handle()
  File "/usr/lib/python2.7/wsgiref/simple_server.py", line 116, in handle
    self.raw_requestline = self.rfile.readline()
  File "/usr/lib/python2.7/socket.py", line 447, in readline
    data = self._sock.recv(self._rbufsize)
error: [Errno 104] Connection reset by peer
[18/Mar/2015 14:49:47] "GET /1:0:1:76C0:40E:1:C00000:0:0:0: HTTP/1.1" 404 1995
Performing system checks...

System check identified no issues (0 silenced).

You have unapplied migrations; your app may not work properly until they are applied.
Run 'python manage.py migrate' to apply them.
March 09, 2015 - 08:33:22
Django version 1.7.5, using settings 'xwMOOC_googlevis.settings'
Starting development server at http://161.202.103.101:8001/
Quit the server with CONTROL-C.
----------------------------------------
Exception happened during processing of request from ('87.219.140.6', 54131)
----------------------------------------
[28/Mar/2015 01:51:05] "GET /static/01-edu-motion-chart.htm HTTP/1.1" 404 1679
[28/Mar/2015 01:51:05] "GET /favicon.ico HTTP/1.1" 404 1938
[28/Mar/2015 01:51:06] "GET /favicon.ico HTTP/1.1" 404 1938
[28/Mar/2015 01:51:12] "GET /01-edu-motion-chart.htm HTTP/1.1" 404 1974
[28/Mar/2015 01:51:39] "GET / HTTP/1.1" 200 797
[28/Mar/2015 01:51:49] "GET /static/ HTTP/1.1" 404 1620
[28/Mar/2015 01:52:11] "GET /static/01-edu-motion-chart.htm HTTP/1.1" 404 1679
[28/Mar/2015 01:52:25] "GET /static/test.txt HTTP/1.1" 404 1634
[28/Mar/2015 01:55:31] "GET /static/test.txt HTTP/1.1" 404 1634
[28/Mar/2015 01:59:12] "GET /static/test.txt HTTP/1.1" 404 1634
[28/Mar/2015 01:59:13] "GET /static/test.txt HTTP/1.1" 404 1634
[28/Mar/2015 02:00:04] "GET /static/test.txt HTTP/1.1" 404 1634
[28/Mar/2015 02:03:08] "GET /static/test.txt HTTP/1.1" 200 5
[28/Mar/2015 02:03:32] "GET /static/02-gdp-five-factors.html HTTP/1.1" 200 87631
[28/Mar/2015 02:05:28] "GET /static/02-gdp-five-factors.html HTTP/1.1" 200 87631
[28/Mar/2015 02:06:11] "GET /static/02-gdp-five-factors.html HTTP/1.1" 200 87631
[28/Mar/2015 02:06:11] "GET /favicon.ico HTTP/1.1" 404 1938
[28/Mar/2015 02:06:35] "GET /static/02-gdp-five-factors.html HTTP/1.1" 304 0
[28/Mar/2015 02:07:54] "GET /static/01-edu-motion-chart_files/saved_resource HTTP/1.1" 404 1730
[28/Mar/2015 02:07:54] "GET /static/01-edu-motion-chart_files/ui+ko.css HTTP/1.1" 404 1715
[28/Mar/2015 02:07:54] "GET /static/01-edu-motion-chart_files/format+ko,default+ko,ui+ko,motionchart+ko.I.js HTTP/1.1" 404 1826
[28/Mar/2015 02:07:54] "GET /static/01-edu-motion-chart.htm HTTP/1.1" 200 79975
[28/Mar/2015 02:07:54] "GET /static/01-edu-motion-chart_files/jsapi HTTP/1.1" 404 1703
[28/Mar/2015 02:08:12] "GET /static/03-ict-motion-chart.html HTTP/1.1" 200 337841
Performing system checks...

System check identified no issues (0 silenced).
March 28, 2015 - 02:02:54
Django version 1.7.5, using settings 'xwMOOC_googlevis.settings'
Starting development server at http://0.0.0.0:8001/
Quit the server with CONTROL-C.
[28/Mar/2015 02:11:49] "GET /03-ict-motion-chart.html HTTP/1.1" 200 337841
[28/Mar/2015 02:16:37] "GET /01-edu-motion-chart_files/saved_resource HTTP/1.1" 404 1716
[28/Mar/2015 02:16:37] "GET /01-edu-motion-chart.htm HTTP/1.1" 200 79975
[28/Mar/2015 02:16:37] "GET /01-edu-motion-chart_files/format+ko,default+ko,ui+ko,motionchart+ko.I.js HTTP/1.1" 404 1812
[28/Mar/2015 02:16:37] "GET /01-edu-motion-chart_files/ui+ko.css HTTP/1.1" 404 1701
[28/Mar/2015 02:16:37] "GET /01-edu-motion-chart_files/jsapi HTTP/1.1" 404 1689
[28/Mar/2015 02:18:31] "GET /03-ict-motion-chart.html HTTP/1.1" 304 0
[28/Mar/2015 02:20:26] "GET /02-gdp-five-factors.html HTTP/1.1" 200 87631
[28/Mar/2015 02:20:27] "GET /favicon.ico HTTP/1.1" 404 1629
[28/Mar/2015 02:21:58] "GET /02-gdp-five-factors.html HTTP/1.1" 200 87631
[28/Mar/2015 02:21:58] "GET /favicon.ico HTTP/1.1" 404 1629
[28/Mar/2015 02:22:39] "GET /03-ict-motion-chart.html HTTP/1.1" 200 337841
[28/Mar/2015 02:22:41] "GET /favicon.ico HTTP/1.1" 404 1629
[28/Mar/2015 02:23:01] "GET /01-edu-motion-chart.htm HTTP/1.1" 200 79975
[28/Mar/2015 02:23:01] "GET /01-edu-motion-chart_files/ui+ko.css HTTP/1.1" 404 1701
[28/Mar/2015 02:23:01] "GET /01-edu-motion-chart_files/saved_resource HTTP/1.1" 404 1716
[28/Mar/2015 02:23:01] "GET /01-edu-motion-chart_files/format+ko,default+ko,ui+ko,motionchart+ko.I.js HTTP/1.1" 404 1812
[28/Mar/2015 02:23:01] "GET /01-edu-motion-chart_files/jsapi HTTP/1.1" 404 1689
[28/Mar/2015 02:23:33] "GET /01-edu-motion-chart.htm HTTP/1.1" 304 0
[28/Mar/2015 02:23:33] "GET /01-edu-motion-chart_files/saved_resource HTTP/1.1" 404 1716
[28/Mar/2015 02:23:33] "GET /01-edu-motion-chart_files/ui+ko.css HTTP/1.1" 404 1701
[28/Mar/2015 02:23:33] "GET /01-edu-motion-chart_files/format+ko,default+ko,ui+ko,motionchart+ko.I.js HTTP/1.1" 404 1812
[28/Mar/2015 02:23:33] "GET /01-edu-motion-chart_files/jsapi HTTP/1.1" 404 1689
[28/Mar/2015 02:23:34] "GET /01-edu-motion-chart_files/saved_resource HTTP/1.1" 404 1716
[28/Mar/2015 02:23:34] "GET /01-edu-motion-chart_files/ui+ko.css HTTP/1.1" 404 1701
[28/Mar/2015 02:23:34] "GET /01-edu-motion-chart_files/jsapi HTTP/1.1" 404 1689
[28/Mar/2015 02:23:34] "GET /01-edu-motion-chart_files/format+ko,default+ko,ui+ko,motionchart+ko.I.js HTTP/1.1" 404 1812
[28/Mar/2015 02:23:52] "GET /03-ict-motion-chart.html HTTP/1.1" 200 337841
[28/Mar/2015 02:30:37] "GET /02-gdp-five-factors.html HTTP/1.1" 304 0
[28/Mar/2015 02:43:48] "GET /01-edu-motion-chart_files/saved_resource HTTP/1.1" 200 689
[28/Mar/2015 02:43:48] "GET /01-edu-motion-chart_files/ui+ko.css HTTP/1.1" 200 6510
[28/Mar/2015 02:43:48] "GET /01-edu-motion-chart.htm HTTP/1.1" 200 79975
[28/Mar/2015 02:43:49] "GET /01-edu-motion-chart_files/jsapi HTTP/1.1" 200 24715
[28/Mar/2015 02:43:50] "GET /01-edu-motion-chart_files/format+ko,default+ko,ui+ko,motionchart+ko.I.js HTTP/1.1" 200 780260
[28/Mar/2015 02:44:12] "GET /03-ict-motion-chart.html HTTP/1.1" 304 0
[28/Mar/2015 02:44:14] "GET /02-gdp-five-factors.html HTTP/1.1" 200 87631
[28/Mar/2015 02:47:09] "GET /01-edu-motion-chart.htm HTTP/1.1" 200 79975
[28/Mar/2015 02:47:09] "GET /01-edu-motion-chart_files/ui+ko.css HTTP/1.1" 200 6510
[28/Mar/2015 02:47:09] "GET /01-edu-motion-chart_files/saved_resource HTTP/1.1" 200 689
[28/Mar/2015 02:47:09] "GET /01-edu-motion-chart_files/jsapi HTTP/1.1" 200 24715
[28/Mar/2015 02:47:09] "GET /01-edu-motion-chart_files/format+ko,default+ko,ui+ko,motionchart+ko.I.js HTTP/1.1" 200 780260
[28/Mar/2015 02:48:11] "GET /03-ict-motion-chart.html HTTP/1.1" 200 337841
[28/Mar/2015 02:51:48] "GET /02-gdp-five-factors.html HTTP/1.1" 304 0
[28/Mar/2015 02:52:08] "GET /02-gdp-five-factors.html HTTP/1.1" 304 0
[28/Mar/2015 02:52:40] "GET /01-edu-motion-chart.htm HTTP/1.1" 304 0
[28/Mar/2015 02:52:41] "GET /01-edu-motion-chart_files/saved_resource HTTP/1.1" 200 689
[28/Mar/2015 02:52:41] "GET /01-edu-motion-chart_files/ui+ko.css HTTP/1.1" 200 6510
[28/Mar/2015 02:52:41] "GET /01-edu-motion-chart_files/jsapi HTTP/1.1" 200 24715
[28/Mar/2015 02:52:41] "GET /01-edu-motion-chart_files/format+ko,default+ko,ui+ko,motionchart+ko.I.js HTTP/1.1" 200 780260
[28/Mar/2015 02:53:35] "GET /02-gdp-five-factors.html HTTP/1.1" 304 0
[28/Mar/2015 02:56:30] "GET /02-gdp-five-factors.html HTTP/1.1" 304 0
[28/Mar/2015 02:58:17] "GET /01-edu-motion-chart_files/ui+ko.css HTTP/1.1" 200 6510
[28/Mar/2015 02:58:18] "GET /01-edu-motion-chart_files/saved_resource HTTP/1.1" 200 689
[28/Mar/2015 02:58:18] "GET /01-edu-motion-chart.htm HTTP/1.1" 200 79975
[28/Mar/2015 02:58:19] "GET /01-edu-motion-chart_files/jsapi HTTP/1.1" 200 24715
[28/Mar/2015 02:58:25] "GET /01-edu-motion-chart_files/format+ko,default+ko,ui+ko,motionchart+ko.I.js HTTP/1.1" 200 780260
[28/Mar/2015 02:58:26] "GET /favicon.ico HTTP/1.1" 404 1629
[28/Mar/2015 02:58:28] "GET /01-edu-motion-chart.htm HTTP/1.1" 304 0
[28/Mar/2015 02:58:29] "GET /01-edu-motion-chart_files/saved_resource HTTP/1.1" 304 0
[28/Mar/2015 02:58:29] "GET /01-edu-motion-chart_files/ui+ko.css HTTP/1.1" 304 0
[28/Mar/2015 02:58:29] "GET /01-edu-motion-chart_files/format+ko,default+ko,ui+ko,motionchart+ko.I.js HTTP/1.1" 304 0
[28/Mar/2015 02:58:29] "GET /01-edu-motion-chart_files/jsapi HTTP/1.1" 304 0
[28/Mar/2015 02:58:40] "GET /02-gdp-five-factors.html HTTP/1.1" 200 106202
[28/Mar/2015 02:58:43] "GET /02-gdp-five-factors.html HTTP/1.1" 200 106202
[28/Mar/2015 03:02:22] "GET /02-gdp-five-factors.html HTTP/1.1" 200 106202
[28/Mar/2015 03:02:23] "GET /favicon.ico HTTP/1.1" 404 1629
[28/Mar/2015 03:12:04] "GET /02-gdp-five-factors.html HTTP/1.1" 200 106202
[28/Mar/2015 03:12:05] "GET /favicon.ico HTTP/1.1" 404 1629
[28/Mar/2015 04:48:48] "GET /03-ict-motion-chart.html HTTP/1.1" 200 337841
[28/Mar/2015 04:50:51] "GET /02-gdp-five-factors.html HTTP/1.1" 200 106202
[28/Mar/2015 05:02:06] "GET /02-gdp-five-factors.html HTTP/1.1" 200 106202
[28/Mar/2015 06:11:01] "GET /main.html HTTP/1.1" 404 1623
[28/Mar/2015 06:11:16] "GET /main.html HTTP/1.1" 404 1623
[28/Mar/2015 06:11:57] "GET /main.html HTTP/1.1" 200 154
[28/Mar/2015 06:11:58] "GET /digitaldivide_01.png HTTP/1.1" 200 116506
[28/Mar/2015 06:13:28] "GET /main.html HTTP/1.1" 200 154
[28/Mar/2015 06:13:28] "GET /digitaldivide_01.png HTTP/1.1" 304 0
[28/Mar/2015 06:13:30] "GET /main.html HTTP/1.1" 304 0
[28/Mar/2015 06:14:55] "GET /main.html HTTP/1.1" 200 1722
[28/Mar/2015 06:15:23] "GET /main.html HTTP/1.1" 200 1684
[28/Mar/2015 06:15:23] "GET /digitaldivide_01.png HTTP/1.1" 304 0
[28/Mar/2015 06:16:34] "GET /main.html HTTP/1.1" 200 1324
[28/Mar/2015 06:16:35] "GET /digitaldivide_01.png HTTP/1.1" 200 8594
[28/Mar/2015 06:17:17] "GET /01-edu-motion-chart.htm HTTP/1.1" 304 0
[28/Mar/2015 06:17:38] "GET /main.html HTTP/1.1" 200 1405
[28/Mar/2015 06:17:38] "GET /01-edu-motion-chart.htm HTTP/1.1" 304 0
[28/Mar/2015 06:17:38] "GET /digitaldivide_01.png HTTP/1.1" 304 0
[28/Mar/2015 06:17:38] "GET /01-edu-motion-chart_files/ui+ko.css HTTP/1.1" 304 0
[28/Mar/2015 06:17:38] "GET /01-edu-motion-chart_files/saved_resource HTTP/1.1" 304 0
[28/Mar/2015 06:17:38] "GET /01-edu-motion-chart_files/format+ko,default+ko,ui+ko,motionchart+ko.I.js HTTP/1.1" 304 0
[28/Mar/2015 06:17:38] "GET /01-edu-motion-chart_files/jsapi HTTP/1.1" 304 0
[28/Mar/2015 06:21:05] "GET /main.html HTTP/1.1" 200 1378
[28/Mar/2015 06:21:06] "GET /digitaldivide_01.png HTTP/1.1" 304 0
[28/Mar/2015 06:21:06] "GET /02-gdp-five-factors.html HTTP/1.1" 304 0
[28/Mar/2015 06:23:20] "GET /main.html HTTP/1.1" 200 1457
[28/Mar/2015 06:23:21] "GET /jquery.js HTTP/1.1" 404 1623
[28/Mar/2015 06:23:21] "GET /digitaldivide_01.png HTTP/1.1" 304 0
[28/Mar/2015 06:24:31] "GET /main.html HTTP/1.1" 200 1342
[28/Mar/2015 06:24:31] "GET /digitaldivide_01.png HTTP/1.1" 304 0
[28/Mar/2015 06:24:31] "GET /02-gdp-five-factors.html HTTP/1.1" 304 0
[28/Mar/2015 06:24:43] "GET /main.html HTTP/1.1" 304 0
[28/Mar/2015 06:24:43] "GET /digitaldivide_01.png HTTP/1.1" 304 0
[28/Mar/2015 06:24:43] "GET /02-gdp-five-factors.html HTTP/1.1" 304 0
[28/Mar/2015 06:25:03] "GET /main.html HTTP/1.1" 200 1370
[28/Mar/2015 06:25:04] "GET /digitaldivide_01.png HTTP/1.1" 304 0
[28/Mar/2015 06:25:04] "GET /02-gdp-five-factors.html HTTP/1.1" 304 0
[28/Mar/2015 06:25:38] "GET /main.html HTTP/1.1" 200 1342
[28/Mar/2015 06:25:38] "GET /digitaldivide_01.png HTTP/1.1" 304 0
[28/Mar/2015 06:25:51] "GET /main.html HTTP/1.1" 200 1342
[28/Mar/2015 06:25:51] "GET /digitaldivide_01.png HTTP/1.1" 200 8594
[28/Mar/2015 06:26:42] "GET /main.html HTTP/1.1" 200 1237
[28/Mar/2015 06:27:26] "GET /main.html HTTP/1.1" 200 1342
[28/Mar/2015 06:27:26] "GET /digitaldivide_01.png HTTP/1.1" 304 0
[28/Mar/2015 06:27:45] "GET /02-gdp-five-factors.html HTTP/1.1" 304 0
[28/Mar/2015 06:27:46] "GET /main.html HTTP/1.1" 200 1237
[28/Mar/2015 06:27:46] "GET /02-gdp-five-factors.html HTTP/1.1" 304 0
[28/Mar/2015 06:28:37] "GET /main.html HTTP/1.1" 200 1286
[28/Mar/2015 06:28:37] "GET /digitaldivide_01.png HTTP/1.1" 304 0
[28/Mar/2015 06:28:39] "GET /02-gdp-five-factors.html HTTP/1.1" 304 0
[28/Mar/2015 06:29:06] "GET /main.html HTTP/1.1" 200 1376
[28/Mar/2015 06:29:06] "GET /digitaldivide_01.png HTTP/1.1" 304 0
[28/Mar/2015 06:29:06] "GET /02-gdp-five-factors.html HTTP/1.1" 304 0
[28/Mar/2015 06:29:56] "GET /main.html HTTP/1.1" 200 1401
[28/Mar/2015 06:29:56] "GET /02-gdp-five-factors.html HTTP/1.1" 304 0
[28/Mar/2015 06:29:56] "GET /digitaldivide_01.png HTTP/1.1" 304 0
[28/Mar/2015 06:32:53] "GET /main.html HTTP/1.1" 200 530
[28/Mar/2015 06:32:53] "GET /style.css HTTP/1.1" 200 85
[28/Mar/2015 06:33:03] "GET /main.html HTTP/1.1" 200 487
[28/Mar/2015 06:33:03] "GET /style.css HTTP/1.1" 304 0
[28/Mar/2015 06:33:05] "GET /main.html HTTP/1.1" 304 0
[28/Mar/2015 06:33:06] "GET /style.css HTTP/1.1" 304 0
[28/Mar/2015 06:33:31] "GET /main.html HTTP/1.1" 200 506
[28/Mar/2015 06:33:31] "GET /style.css HTTP/1.1" 304 0
[28/Mar/2015 06:33:31] "GET /digitaldivide_01.png HTTP/1.1" 304 0
[28/Mar/2015 06:33:31] "GET /02-gdp-five-factors.html HTTP/1.1" 304 0
[28/Mar/2015 06:33:51] "GET /main.html HTTP/1.1" 200 509
[28/Mar/2015 06:33:51] "GET /style.css HTTP/1.1" 304 0
[28/Mar/2015 06:33:51] "GET /digitaldivide_01.png HTTP/1.1" 304 0
[28/Mar/2015 06:33:51] "GET /02-gdp-five-factors.html HTTP/1.1" 304 0
[28/Mar/2015 06:34:17] "GET /main.html HTTP/1.1" 200 509
[28/Mar/2015 06:34:18] "GET /style.css HTTP/1.1" 304 0
[28/Mar/2015 06:34:18] "GET /digitaldivide_01.png HTTP/1.1" 304 0
[28/Mar/2015 06:34:18] "GET /02-gdp-five-factors.html HTTP/1.1" 304 0
[28/Mar/2015 06:34:27] "GET /main.html HTTP/1.1" 200 509
[28/Mar/2015 06:34:27] "GET /02-gdp-five-factors.html HTTP/1.1" 304 0
[28/Mar/2015 06:34:27] "GET /style.css HTTP/1.1" 304 0
[28/Mar/2015 06:34:27] "GET /digitaldivide_01.png HTTP/1.1" 304 0
[28/Mar/2015 06:34:45] "GET /main.html HTTP/1.1" 200 509
[28/Mar/2015 06:34:45] "GET /style.css HTTP/1.1" 304 0
[28/Mar/2015 06:34:45] "GET /digitaldivide_01.png HTTP/1.1" 304 0
[28/Mar/2015 06:34:45] "GET /02-gdp-five-factors.html HTTP/1.1" 304 0
[28/Mar/2015 06:35:30] "GET /main.html HTTP/1.1" 200 505
[28/Mar/2015 06:35:30] "GET /style.css HTTP/1.1" 200 50
[28/Mar/2015 06:35:30] "GET /digitaldivide_01.png HTTP/1.1" 304 0
[28/Mar/2015 06:35:31] "GET /02-gdp-five-factors.html HTTP/1.1" 304 0
[28/Mar/2015 06:35:54] "GET /main.html HTTP/1.1" 200 505
[28/Mar/2015 06:35:54] "GET /style.css HTTP/1.1" 200 50
[28/Mar/2015 06:35:54] "GET /digitaldivide_01.png HTTP/1.1" 304 0
[28/Mar/2015 06:35:54] "GET /02-gdp-five-factors.html HTTP/1.1" 304 0
[28/Mar/2015 06:36:49] "GET /main.html HTTP/1.1" 200 521
[28/Mar/2015 06:36:49] "GET /digitaldivide_01.png HTTP/1.1" 304 0
[28/Mar/2015 06:36:49] "GET /style.css HTTP/1.1" 200 50
[28/Mar/2015 06:36:49] "GET /02-gdp-five-factors.html HTTP/1.1" 304 0
[28/Mar/2015 06:37:55] "GET /main.html HTTP/1.1" 200 614
[28/Mar/2015 06:37:56] "GET /style.css HTTP/1.1" 304 0
[28/Mar/2015 06:37:56] "GET /digitaldivide_01.png HTTP/1.1" 304 0
[28/Mar/2015 06:37:56] "GET /02-gdp-five-factors.html HTTP/1.1" 304 0
[28/Mar/2015 06:37:56] "GET /03-ict-motion-chart.html HTTP/1.1" 200 337841
[28/Mar/2015 06:38:43] "GET /main.html HTTP/1.1" 200 706
[28/Mar/2015 06:38:44] "GET /style.css HTTP/1.1" 304 0
[28/Mar/2015 06:38:44] "GET /digitaldivide_01.png HTTP/1.1" 304 0
[28/Mar/2015 06:38:44] "GET /01-edu-motion-chart.htm HTTP/1.1" 304 0
[28/Mar/2015 06:38:44] "GET /02-gdp-five-factors.html HTTP/1.1" 304 0
[28/Mar/2015 06:38:44] "GET /03-ict-motion-chart.html HTTP/1.1" 304 0
[28/Mar/2015 06:38:44] "GET /01-edu-motion-chart_files/ui+ko.css HTTP/1.1" 304 0
[28/Mar/2015 06:38:44] "GET /01-edu-motion-chart_files/saved_resource HTTP/1.1" 304 0
[28/Mar/2015 06:38:44] "GET /01-edu-motion-chart_files/format+ko,default+ko,ui+ko,motionchart+ko.I.js HTTP/1.1" 304 0
[28/Mar/2015 06:38:44] "GET /01-edu-motion-chart_files/jsapi HTTP/1.1" 304 0
[28/Mar/2015 06:46:05] "GET /main.html HTTP/1.1" 200 1093
[28/Mar/2015 06:46:05] "GET /style.css HTTP/1.1" 304 0
[28/Mar/2015 06:46:05] "GET /styles.css HTTP/1.1" 200 4051
[28/Mar/2015 06:46:05] "GET /digitaldivide_01.png HTTP/1.1" 304 0
[28/Mar/2015 06:46:05] "GET /script.js HTTP/1.1" 200 3679
[28/Mar/2015 06:46:06] "GET /01-edu-motion-chart.htm HTTP/1.1" 304 0
[28/Mar/2015 06:46:06] "GET /02-gdp-five-factors.html HTTP/1.1" 304 0
[28/Mar/2015 06:46:06] "GET /03-ict-motion-chart.html HTTP/1.1" 304 0
[28/Mar/2015 06:46:06] "GET /01-edu-motion-chart_files/saved_resource HTTP/1.1" 304 0
[28/Mar/2015 06:46:06] "GET /01-edu-motion-chart_files/format+ko,default+ko,ui+ko,motionchart+ko.I.js HTTP/1.1" 304 0
[28/Mar/2015 06:46:06] "GET /01-edu-motion-chart_files/ui+ko.css HTTP/1.1" 304 0
[28/Mar/2015 06:46:06] "GET /01-edu-motion-chart_files/jsapi HTTP/1.1" 304 0
[28/Mar/2015 06:46:43] "GET /styles.css HTTP/1.1" 304 0
[28/Mar/2015 06:47:23] "GET /index.html HTTP/1.1" 200 628
[28/Mar/2015 06:47:24] "GET /script.js HTTP/1.1" 304 0
[28/Mar/2015 06:47:24] "GET /styles.css HTTP/1.1" 304 0
[28/Mar/2015 06:48:24] "GET /main.html HTTP/1.1" 200 1094
[28/Mar/2015 06:48:24] "GET /style.css HTTP/1.1" 304 0
[28/Mar/2015 06:48:24] "GET /styles.css HTTP/1.1" 304 0
[28/Mar/2015 06:48:24] "GET /script.js HTTP/1.1" 304 0
[28/Mar/2015 06:52:58] "GET /main.html HTTP/1.1" 200 861
[28/Mar/2015 06:52:58] "GET /styles.css HTTP/1.1" 304 0
[28/Mar/2015 06:52:58] "GET /style.css HTTP/1.1" 304 0
[28/Mar/2015 06:52:58] "GET /script.js HTTP/1.1" 304 0
[28/Mar/2015 06:52:58] "GET /digitaldivide_01.png HTTP/1.1" 304 0
[28/Mar/2015 06:53:00] "GET /page1.html HTTP/1.1" 200 953
[28/Mar/2015 06:54:47] "GET /main.html HTTP/1.1" 304 0
[28/Mar/2015 06:54:47] "GET /style.css HTTP/1.1" 304 0
[28/Mar/2015 06:54:47] "GET /styles.css HTTP/1.1" 304 0
[28/Mar/2015 06:54:47] "GET /script.js HTTP/1.1" 304 0
[28/Mar/2015 06:54:49] "GET /page1.html HTTP/1.1" 200 952
[28/Mar/2015 06:54:55] "GET /page2.html HTTP/1.1" 200 961
[28/Mar/2015 06:54:59] "GET /page3.html HTTP/1.1" 200 952
[28/Mar/2015 06:55:44] "GET /main.html HTTP/1.1" 200 862
[28/Mar/2015 06:55:45] "GET /script.js HTTP/1.1" 304 0
[28/Mar/2015 06:55:46] "GET /page1.html HTTP/1.1" 200 953
[28/Mar/2015 06:59:18] "GET /page1.html HTTP/1.1" 200 953
[28/Mar/2015 06:59:18] "GET /style.css HTTP/1.1" 200 50
[28/Mar/2015 06:59:18] "GET /styles.css HTTP/1.1" 200 4051
[28/Mar/2015 06:59:18] "GET /script.js HTTP/1.1" 200 3679
[28/Mar/2015 06:59:18] "GET /digitaldivide_01.png HTTP/1.1" 200 8594
[28/Mar/2015 06:59:19] "GET /01-edu-motion-chart_files/ui+ko.css HTTP/1.1" 200 6510
[28/Mar/2015 06:59:19] "GET /01-edu-motion-chart_files/saved_resource HTTP/1.1" 200 689
[28/Mar/2015 06:59:19] "GET /01-edu-motion-chart.htm HTTP/1.1" 200 79975
[28/Mar/2015 06:59:19] "GET /01-edu-motion-chart_files/jsapi HTTP/1.1" 200 24715
[28/Mar/2015 06:59:19] "GET /01-edu-motion-chart_files/format+ko,default+ko,ui+ko,motionchart+ko.I.js HTTP/1.1" 200 780260
[28/Mar/2015 06:59:20] "GET /favicon.ico HTTP/1.1" 404 1624
[28/Mar/2015 06:59:20] "GET /main.html HTTP/1.1" 200 862
[28/Mar/2015 06:59:23] "GET /page3.html HTTP/1.1" 200 953
[28/Mar/2015 06:59:24] "GET /03-ict-motion-chart.html HTTP/1.1" 200 337841
[28/Mar/2015 07:01:27] "GET /main.html HTTP/1.1" 200 862
[28/Mar/2015 07:01:27] "GET /styles.css HTTP/1.1" 304 0
[28/Mar/2015 07:01:27] "GET /script.js HTTP/1.1" 304 0
[28/Mar/2015 07:01:28] "GET /digitaldivide_02.png HTTP/1.1" 200 140313
[28/Mar/2015 07:02:09] "GET /main.html HTTP/1.1" 200 863
[28/Mar/2015 07:02:09] "GET /style.css HTTP/1.1" 200 102
[28/Mar/2015 07:02:09] "GET /styles.css HTTP/1.1" 304 0
[28/Mar/2015 07:02:09] "GET /script.js HTTP/1.1" 304 0
[28/Mar/2015 07:02:09] "GET /digitaldivide_02.png HTTP/1.1" 304 0
[28/Mar/2015 07:02:20] "GET /main.html HTTP/1.1" 200 823
[28/Mar/2015 07:02:20] "GET /style.css HTTP/1.1" 304 0
[28/Mar/2015 07:02:20] "GET /styles.css HTTP/1.1" 304 0
[28/Mar/2015 07:02:20] "GET /script.js HTTP/1.1" 304 0
[28/Mar/2015 07:02:20] "GET /digitaldivide_02.png HTTP/1.1" 304 0
[28/Mar/2015 07:02:27] "GET /page1.html HTTP/1.1" 304 0
[28/Mar/2015 07:02:27] "GET /style.css HTTP/1.1" 304 0
[28/Mar/2015 07:03:08] "GET /main.html HTTP/1.1" 200 863
[28/Mar/2015 07:03:08] "GET /style.css HTTP/1.1" 200 84
[28/Mar/2015 07:03:08] "GET /digitaldivide_02.png HTTP/1.1" 304 0
[28/Mar/2015 07:05:08] "GET / HTTP/1.1" 404 1601
[28/Mar/2015 07:05:11] "GET / HTTP/1.1" 404 1601
[28/Mar/2015 07:05:26] "GET / HTTP/1.1" 404 1601
[28/Mar/2015 07:06:08] "GET / HTTP/1.1" 404 1601
[28/Mar/2015 07:06:12] "GET /main.htm HTTP/1.1" 404 1615
[28/Mar/2015 07:06:14] "GET /main.html HTTP/1.1" 304 0
[28/Mar/2015 07:06:14] "GET /style.css HTTP/1.1" 304 0
[28/Mar/2015 07:06:14] "GET /styles.css HTTP/1.1" 304 0
[28/Mar/2015 07:06:14] "GET /script.js HTTP/1.1" 304 0
[28/Mar/2015 07:06:14] "GET /digitaldivide_02.png HTTP/1.1" 304 0
[28/Mar/2015 07:06:20] "GET /page1.html HTTP/1.1" 304 0
[28/Mar/2015 07:06:20] "GET /digitaldivide_01.png HTTP/1.1" 304 0
[28/Mar/2015 07:06:43] "GET /main.html HTTP/1.1" 304 0
[28/Mar/2015 07:06:43] "GET /style.css HTTP/1.1" 304 0
[28/Mar/2015 07:07:47] "GET /main.html HTTP/1.1" 200 863
[28/Mar/2015 07:09:04] "GET /main.html HTTP/1.1" 200 863
[28/Mar/2015 07:09:04] "GET /style.css HTTP/1.1" 200 84
[28/Mar/2015 07:09:04] "GET /styles.css HTTP/1.1" 200 4051
[28/Mar/2015 07:09:04] "GET /script.js HTTP/1.1" 200 3679
[28/Mar/2015 07:09:05] "GET /digitaldivide_02.png HTTP/1.1" 200 140313
[28/Mar/2015 07:09:05] "GET /favicon.ico HTTP/1.1" 404 1624
[28/Mar/2015 07:09:05] "GET /favicon.ico HTTP/1.1" 404 1624
[28/Mar/2015 07:09:13] "GET /page1.html HTTP/1.1" 200 953
[28/Mar/2015 07:09:14] "GET /digitaldivide_01.png HTTP/1.1" 200 8594
[28/Mar/2015 07:09:14] "GET /01-edu-motion-chart_files/saved_resource HTTP/1.1" 200 689
[28/Mar/2015 07:09:14] "GET /01-edu-motion-chart_files/ui+ko.css HTTP/1.1" 200 6510
[28/Mar/2015 07:09:14] "GET /01-edu-motion-chart.htm HTTP/1.1" 200 79975
[28/Mar/2015 07:09:14] "GET /01-edu-motion-chart_files/jsapi HTTP/1.1" 200 24715
[28/Mar/2015 07:09:15] "GET /01-edu-motion-chart_files/format+ko,default+ko,ui+ko,motionchart+ko.I.js HTTP/1.1" 200 780260
[28/Mar/2015 07:09:26] "GET /page3.html HTTP/1.1" 200 953
[28/Mar/2015 07:09:27] "GET /03-ict-motion-chart.html HTTP/1.1" 200 337841
[28/Mar/2015 07:09:34] "GET /page2.html HTTP/1.1" 200 962
[28/Mar/2015 07:09:35] "GET /02-gdp-five-factors.html HTTP/1.1" 200 106202
[28/Mar/2015 07:10:17] "GET /main.html HTTP/1.1" 200 863
[28/Mar/2015 07:10:17] "GET /style.css HTTP/1.1" 200 84
[28/Mar/2015 07:10:18] "GET /script.js HTTP/1.1" 200 3679
[28/Mar/2015 07:10:18] "GET /styles.css HTTP/1.1" 200 4051
[28/Mar/2015 07:10:18] "GET /digitaldivide_02.png HTTP/1.1" 200 140313
[28/Mar/2015 07:10:18] "GET /favicon.ico HTTP/1.1" 404 1624
[28/Mar/2015 07:11:58] "GET /main.html HTTP/1.1" 200 832
[28/Mar/2015 07:11:58] "GET /style.css HTTP/1.1" 200 84
[28/Mar/2015 07:11:59] "GET /styles.css HTTP/1.1" 200 4051
[28/Mar/2015 07:11:59] "GET /script.js HTTP/1.1" 200 3679
[28/Mar/2015 07:11:59] "GET /digitaldivide_02.png HTTP/1.1" 200 140313
[28/Mar/2015 07:12:00] "GET /favicon.ico HTTP/1.1" 404 1624
[28/Mar/2015 07:12:21] "GET /main.html HTTP/1.1" 200 832
[28/Mar/2015 07:12:21] "GET /styles.css HTTP/1.1" 304 0
[28/Mar/2015 07:12:21] "GET /style.css HTTP/1.1" 304 0
[28/Mar/2015 07:12:21] "GET /script.js HTTP/1.1" 304 0
[28/Mar/2015 07:12:22] "GET /digitaldivide_02.png HTTP/1.1" 304 0
[28/Mar/2015 07:12:33] "GET /index.html HTTP/1.1" 404 1621
[28/Mar/2015 07:12:46] "GET /index.html HTTP/1.1" 404 1621
[28/Mar/2015 07:12:48] "GET /page1.html HTTP/1.1" 200 923
[28/Mar/2015 07:12:48] "GET /digitaldivide_01.png HTTP/1.1" 304 0
[28/Mar/2015 07:12:49] "GET /index.html HTTP/1.1" 404 1621
[28/Mar/2015 07:12:53] "GET /page3.html HTTP/1.1" 200 922
[28/Mar/2015 07:12:53] "GET /style.css HTTP/1.1" 304 0
[28/Mar/2015 07:12:53] "GET /styles.css HTTP/1.1" 304 0
[28/Mar/2015 07:12:53] "GET /script.js HTTP/1.1" 304 0
[28/Mar/2015 07:12:53] "GET /digitaldivide_01.png HTTP/1.1" 200 8594
[28/Mar/2015 07:12:53] "GET /03-ict-motion-chart.html HTTP/1.1" 200 337841
[28/Mar/2015 07:13:03] "GET /page1.html HTTP/1.1" 200 922
[28/Mar/2015 07:13:03] "GET /style.css HTTP/1.1" 304 0
[28/Mar/2015 07:13:03] "GET /digitaldivide_01.png HTTP/1.1" 200 8594
[28/Mar/2015 07:13:03] "GET /index.html HTTP/1.1" 404 1621
[28/Mar/2015 07:13:04] "GET /01-edu-motion-chart_files/ui+ko.css HTTP/1.1" 200 6510
[28/Mar/2015 07:13:04] "GET /01-edu-motion-chart_files/saved_resource HTTP/1.1" 200 689
[28/Mar/2015 07:13:04] "GET /01-edu-motion-chart.htm HTTP/1.1" 200 79975
[28/Mar/2015 07:13:04] "GET /01-edu-motion-chart_files/jsapi HTTP/1.1" 200 24715
[28/Mar/2015 07:13:05] "GET /01-edu-motion-chart_files/format+ko,default+ko,ui+ko,motionchart+ko.I.js HTTP/1.1" 200 780260
[28/Mar/2015 07:13:05] "GET /page1.html HTTP/1.1" 200 922
[28/Mar/2015 07:13:06] "GET /01-edu-motion-chart.htm HTTP/1.1" 304 0
[28/Mar/2015 07:13:07] "GET /main.html HTTP/1.1" 200 831
[28/Mar/2015 07:13:08] "GET /page1.html HTTP/1.1" 304 0
[28/Mar/2015 07:13:09] "GET /main.html HTTP/1.1" 200 831
[28/Mar/2015 07:13:09] "GET /page2.html HTTP/1.1" 200 931
[28/Mar/2015 07:13:09] "GET /style.css HTTP/1.1" 200 84
[28/Mar/2015 07:13:09] "GET /styles.css HTTP/1.1" 200 4051
[28/Mar/2015 07:13:09] "GET /script.js HTTP/1.1" 200 3679
[28/Mar/2015 07:13:10] "GET /digitaldivide_02.png HTTP/1.1" 200 140313
[28/Mar/2015 07:13:10] "GET /02-gdp-five-factors.html HTTP/1.1" 200 106202
[28/Mar/2015 07:13:10] "GET /favicon.ico HTTP/1.1" 404 1624
[28/Mar/2015 07:13:11] "GET /page3.html HTTP/1.1" 200 922
[28/Mar/2015 07:13:17] "GET /page2.html HTTP/1.1" 304 0
[28/Mar/2015 07:13:18] "GET /page3.html HTTP/1.1" 304 0
[28/Mar/2015 07:13:19] "GET /style.css HTTP/1.1" 304 0
[28/Mar/2015 07:13:20] "GET /page1.html HTTP/1.1" 304 0
[28/Mar/2015 07:13:21] "GET /main.html HTTP/1.1" 304 0
[28/Mar/2015 07:13:24] "GET /page1.html HTTP/1.1" 304 0
[28/Mar/2015 07:13:26] "GET /main.html HTTP/1.1" 304 0
[28/Mar/2015 07:13:27] "GET /page2.html HTTP/1.1" 304 0
[28/Mar/2015 07:13:28] "GET /page1.html HTTP/1.1" 304 0
[28/Mar/2015 07:18:33] "GET /page1.html HTTP/1.1" 200 922
[28/Mar/2015 07:18:33] "GET /style.css HTTP/1.1" 304 0
[28/Mar/2015 07:18:33] "GET /styles.css HTTP/1.1" 304 0
[28/Mar/2015 07:18:33] "GET /script.js HTTP/1.1" 304 0
[28/Mar/2015 07:18:33] "GET /01-edu-motion-chart.htm HTTP/1.1" 200 79975
[28/Mar/2015 07:18:34] "GET /01-edu-motion-chart_files/ui+ko.css HTTP/1.1" 200 6510
[28/Mar/2015 07:18:34] "GET /01-edu-motion-chart_files/saved_resource HTTP/1.1" 200 689
[28/Mar/2015 07:18:34] "GET /01-edu-motion-chart_files/jsapi HTTP/1.1" 200 24715
[28/Mar/2015 07:18:34] "GET /01-edu-motion-chart_files/format+ko,default+ko,ui+ko,motionchart+ko.I.js HTTP/1.1" 200 780260
[28/Mar/2015 07:18:45] "GET /page2.html HTTP/1.1" 200 931
[28/Mar/2015 07:18:46] "GET /digitaldivide_01.png HTTP/1.1" 304 0
[28/Mar/2015 07:18:46] "GET /02-gdp-five-factors.html HTTP/1.1" 200 106202
[28/Mar/2015 07:18:53] "GET /page3.html HTTP/1.1" 304 0
[28/Mar/2015 07:19:14] "GET /page1.html HTTP/1.1" 304 0
[28/Mar/2015 07:19:14] "GET /style.css HTTP/1.1" 304 0
[28/Mar/2015 07:19:14] "GET /script.js HTTP/1.1" 304 0
[28/Mar/2015 07:19:14] "GET /styles.css HTTP/1.1" 304 0
[28/Mar/2015 07:19:14] "GET /digitaldivide_01.png HTTP/1.1" 304 0
[28/Mar/2015 07:19:14] "GET /01-edu-motion-chart.htm HTTP/1.1" 304 0
[28/Mar/2015 07:21:33] "GET /page2.html HTTP/1.1" 304 0
[28/Mar/2015 07:21:33] "GET /style.css HTTP/1.1" 304 0
[28/Mar/2015 07:21:38] "GET /page1.html HTTP/1.1" 304 0
[28/Mar/2015 07:22:32] "GET /01-edu-motion-chart.htm HTTP/1.1" 200 80645
[28/Mar/2015 07:22:39] "GET /01-edu-motion-chart.htm HTTP/1.1" 304 0
[28/Mar/2015 07:22:39] "GET /01-edu-motion-chart_files/saved_resource HTTP/1.1" 304 0
[28/Mar/2015 07:22:39] "GET /01-edu-motion-chart_files/ui+ko.css HTTP/1.1" 304 0
[28/Mar/2015 07:22:39] "GET /01-edu-motion-chart_files/format+ko,default+ko,ui+ko,motionchart+ko.I.js HTTP/1.1" 304 0
[28/Mar/2015 07:22:39] "GET /01-edu-motion-chart_files/jsapi HTTP/1.1" 304 0
[28/Mar/2015 07:22:46] "GET /page1.html HTTP/1.1" 304 0
[28/Mar/2015 07:22:46] "GET /style.css HTTP/1.1" 304 0
[28/Mar/2015 07:22:46] "GET /digitaldivide_01.png HTTP/1.1" 304 0
[28/Mar/2015 07:22:46] "GET /styles.css HTTP/1.1" 304 0
[28/Mar/2015 07:22:46] "GET /script.js HTTP/1.1" 304 0
[28/Mar/2015 07:22:47] "GET /01-edu-motion-chart.htm HTTP/1.1" 304 0
[28/Mar/2015 07:22:47] "GET /01-edu-motion-chart_files/saved_resource HTTP/1.1" 304 0
[28/Mar/2015 07:22:47] "GET /01-edu-motion-chart_files/ui+ko.css HTTP/1.1" 304 0
[28/Mar/2015 07:22:47] "GET /01-edu-motion-chart_files/format+ko,default+ko,ui+ko,motionchart+ko.I.js HTTP/1.1" 304 0
[28/Mar/2015 07:22:47] "GET /01-edu-motion-chart_files/jsapi HTTP/1.1" 304 0
[28/Mar/2015 07:22:53] "GET /page2.html HTTP/1.1" 304 0
[28/Mar/2015 07:24:02] "GET /page1.html HTTP/1.1" 304 0
[28/Mar/2015 07:24:02] "GET /01-edu-motion-chart.htm HTTP/1.1" 304 0
[28/Mar/2015 07:24:07] "GET /page2.html HTTP/1.1" 304 0
[28/Mar/2015 07:24:21] "GET /page2.html HTTP/1.1" 304 0
[28/Mar/2015 07:24:21] "GET /style.css HTTP/1.1" 304 0
[28/Mar/2015 07:24:21] "GET /styles.css HTTP/1.1" 304 0
[28/Mar/2015 07:24:21] "GET /script.js HTTP/1.1" 304 0
[28/Mar/2015 07:24:21] "GET /digitaldivide_01.png HTTP/1.1" 304 0
[28/Mar/2015 07:24:22] "GET /02-gdp-five-factors.html HTTP/1.1" 200 106976
[28/Mar/2015 07:24:38] "GET /page3.html HTTP/1.1" 304 0
[28/Mar/2015 07:25:00] "GET /page1.html HTTP/1.1" 304 0
[28/Mar/2015 07:25:00] "GET /style.css HTTP/1.1" 304 0
[28/Mar/2015 07:25:00] "GET /script.js HTTP/1.1" 304 0
[28/Mar/2015 07:25:00] "GET /styles.css HTTP/1.1" 304 0
[28/Mar/2015 07:25:58] "GET /page3.html HTTP/1.1" 304 0
[28/Mar/2015 07:25:59] "GET /03-ict-motion-chart.html HTTP/1.1" 200 338658
[28/Mar/2015 07:26:00] "GET /page3.html HTTP/1.1" 304 0
[28/Mar/2015 07:26:00] "GET /style.css HTTP/1.1" 304 0
[28/Mar/2015 07:26:00] "GET /styles.css HTTP/1.1" 304 0
[28/Mar/2015 07:26:00] "GET /script.js HTTP/1.1" 304 0
[28/Mar/2015 07:26:00] "GET /digitaldivide_01.png HTTP/1.1" 304 0
[28/Mar/2015 07:26:01] "GET /03-ict-motion-chart.html HTTP/1.1" 304 0
[28/Mar/2015 07:28:18] "GET /page1.html HTTP/1.1" 200 1590
[28/Mar/2015 07:28:19] "GET /style.css HTTP/1.1" 304 0
[28/Mar/2015 07:28:19] "GET /01-edu-motion-chart.htm HTTP/1.1" 304 0
[28/Mar/2015 07:28:20] "GET /page1.html HTTP/1.1" 200 1590
[28/Mar/2015 07:29:05] "GET /page1.html HTTP/1.1" 200 1605
[28/Mar/2015 07:29:06] "GET /style.css HTTP/1.1" 304 0
[28/Mar/2015 07:29:06] "GET /styles.css HTTP/1.1" 304 0
[28/Mar/2015 07:29:06] "GET /script.js HTTP/1.1" 304 0
[28/Mar/2015 07:29:06] "GET /digitaldivide_01.png HTTP/1.1" 304 0
[28/Mar/2015 07:29:06] "GET /01-edu-motion-chart.htm HTTP/1.1" 304 0
[28/Mar/2015 07:29:06] "GET /01-edu-motion-chart_files/ui+ko.css HTTP/1.1" 304 0
[28/Mar/2015 07:29:06] "GET /01-edu-motion-chart_files/saved_resource HTTP/1.1" 304 0
[28/Mar/2015 07:29:06] "GET /01-edu-motion-chart_files/format+ko,default+ko,ui+ko,motionchart+ko.I.js HTTP/1.1" 304 0
[28/Mar/2015 07:29:06] "GET /01-edu-motion-chart_files/jsapi HTTP/1.1" 304 0
[28/Mar/2015 07:31:11] "GET /page1.html HTTP/1.1" 200 1616
[28/Mar/2015 07:31:11] "GET /style.css HTTP/1.1" 200 85
[28/Mar/2015 07:31:11] "GET /styles.css HTTP/1.1" 304 0
[28/Mar/2015 07:31:11] "GET /script.js HTTP/1.1" 304 0
[28/Mar/2015 07:31:11] "GET /digitaldivide_01.png HTTP/1.1" 304 0
[28/Mar/2015 07:31:11] "GET /01-edu-motion-chart.htm HTTP/1.1" 304 0
[28/Mar/2015 07:31:12] "GET /01-edu-motion-chart_files/ui+ko.css HTTP/1.1" 304 0
[28/Mar/2015 07:31:12] "GET /01-edu-motion-chart_files/saved_resource HTTP/1.1" 304 0
[28/Mar/2015 07:31:12] "GET /01-edu-motion-chart_files/format+ko,default+ko,ui+ko,motionchart+ko.I.js HTTP/1.1" 304 0
[28/Mar/2015 07:31:12] "GET /01-edu-motion-chart_files/jsapi HTTP/1.1" 304 0
[28/Mar/2015 07:31:18] "GET /page1.html HTTP/1.1" 304 0
[28/Mar/2015 07:31:18] "GET /style.css HTTP/1.1" 304 0
[28/Mar/2015 07:31:18] "GET /styles.css HTTP/1.1" 304 0
[28/Mar/2015 07:31:18] "GET /script.js HTTP/1.1" 304 0
[28/Mar/2015 07:31:18] "GET /digitaldivide_01.png HTTP/1.1" 304 0
[28/Mar/2015 07:31:18] "GET /01-edu-motion-chart.htm HTTP/1.1" 304 0
[28/Mar/2015 07:31:19] "GET /01-edu-motion-chart_files/ui+ko.css HTTP/1.1" 304 0
[28/Mar/2015 07:31:19] "GET /01-edu-motion-chart_files/saved_resource HTTP/1.1" 304 0
[28/Mar/2015 07:31:19] "GET /01-edu-motion-chart_files/format+ko,default+ko,ui+ko,motionchart+ko.I.js HTTP/1.1" 304 0
[28/Mar/2015 07:31:19] "GET /01-edu-motion-chart_files/jsapi HTTP/1.1" 304 0
[28/Mar/2015 07:32:18] "GET /main.html HTTP/1.1" 200 831
[28/Mar/2015 07:32:19] "GET /style.css HTTP/1.1" 200 85
[28/Mar/2015 07:32:19] "GET /styles.css HTTP/1.1" 304 0
[28/Mar/2015 07:32:19] "GET /script.js HTTP/1.1" 304 0
[28/Mar/2015 07:32:19] "GET /digitaldivide_02.png HTTP/1.1" 304 0
[28/Mar/2015 07:32:39] "GET /page1.html HTTP/1.1" 200 1616
[28/Mar/2015 07:32:40] "GET /page1.html HTTP/1.1" 200 1616
[28/Mar/2015 07:33:35] "GET /page1.html HTTP/1.0" 200 1616
[28/Mar/2015 07:33:37] "GET / HTTP/1.0" 404 1601
[28/Mar/2015 07:37:03] "GET /page3.html HTTP/1.1" 304 0
[28/Mar/2015 07:37:03] "GET /style.css HTTP/1.1" 200 85
[28/Mar/2015 07:37:03] "GET /styles.css HTTP/1.1" 304 0
[28/Mar/2015 07:37:03] "GET /digitaldivide_01.png HTTP/1.1" 304 0
[28/Mar/2015 07:37:03] "GET /script.js HTTP/1.1" 304 0
[28/Mar/2015 07:37:24] "GET /page1.html HTTP/1.1" 304 0
[28/Mar/2015 07:37:24] "GET /style.css HTTP/1.1" 200 118
[28/Mar/2015 07:37:24] "GET /styles.css HTTP/1.1" 304 0
[28/Mar/2015 07:37:24] "GET /script.js HTTP/1.1" 304 0
[28/Mar/2015 07:37:24] "GET /01-edu-motion-chart.htm HTTP/1.1" 304 0
[28/Mar/2015 07:37:53] "GET /page1.html HTTP/1.1" 304 0
[28/Mar/2015 07:37:53] "GET /style.css HTTP/1.1" 200 139
[28/Mar/2015 07:37:53] "GET /styles.css HTTP/1.1" 304 0
[28/Mar/2015 07:37:53] "GET /script.js HTTP/1.1" 304 0
[28/Mar/2015 07:37:53] "GET /digitaldivide_01.png HTTP/1.1" 304 0
[28/Mar/2015 07:37:54] "GET /01-edu-motion-chart.htm HTTP/1.1" 304 0
[28/Mar/2015 07:37:54] "GET /01-edu-motion-chart_files/ui+ko.css HTTP/1.1" 304 0
[28/Mar/2015 07:37:54] "GET /01-edu-motion-chart_files/saved_resource HTTP/1.1" 304 0
[28/Mar/2015 07:37:54] "GET /01-edu-motion-chart_files/format+ko,default+ko,ui+ko,motionchart+ko.I.js HTTP/1.1" 304 0
[28/Mar/2015 07:37:54] "GET /01-edu-motion-chart_files/jsapi HTTP/1.1" 304 0
[28/Mar/2015 07:38:10] "GET /page2.html HTTP/1.1" 304 0
[28/Mar/2015 07:38:10] "GET /style.css HTTP/1.1" 200 139
[28/Mar/2015 07:38:13] "GET /page1.html HTTP/1.1" 304 0
[28/Mar/2015 07:38:14] "GET /style.css HTTP/1.1" 200 159
[28/Mar/2015 07:38:14] "GET /script.js HTTP/1.1" 304 0
[28/Mar/2015 07:38:14] "GET /styles.css HTTP/1.1" 304 0
[28/Mar/2015 07:38:14] "GET /digitaldivide_01.png HTTP/1.1" 304 0
[28/Mar/2015 07:38:14] "GET /01-edu-motion-chart.htm HTTP/1.1" 304 0
[28/Mar/2015 07:38:14] "GET /01-edu-motion-chart_files/ui+ko.css HTTP/1.1" 304 0
[28/Mar/2015 07:38:14] "GET /01-edu-motion-chart_files/saved_resource HTTP/1.1" 304 0
[28/Mar/2015 07:38:14] "GET /01-edu-motion-chart_files/format+ko,default+ko,ui+ko,motionchart+ko.I.js HTTP/1.1" 304 0
[28/Mar/2015 07:38:14] "GET /01-edu-motion-chart_files/jsapi HTTP/1.1" 304 0
[28/Mar/2015 07:39:02] "GET /page1.html HTTP/1.1" 200 1617
[28/Mar/2015 07:39:03] "GET /style.css HTTP/1.1" 304 0
[28/Mar/2015 07:39:03] "GET /styles.css HTTP/1.1" 304 0
[28/Mar/2015 07:39:03] "GET /script.js HTTP/1.1" 304 0
[28/Mar/2015 07:39:03] "GET /digitaldivide_01.png HTTP/1.1" 304 0
[28/Mar/2015 07:39:03] "GET /01-edu-motion-chart.htm HTTP/1.1" 304 0
[28/Mar/2015 07:39:03] "GET /01-edu-motion-chart_files/saved_resource HTTP/1.1" 304 0
[28/Mar/2015 07:39:03] "GET /01-edu-motion-chart_files/ui+ko.css HTTP/1.1" 304 0
[28/Mar/2015 07:39:03] "GET /01-edu-motion-chart_files/format+ko,default+ko,ui+ko,motionchart+ko.I.js HTTP/1.1" 304 0
[28/Mar/2015 07:39:03] "GET /01-edu-motion-chart_files/jsapi HTTP/1.1" 304 0
[28/Mar/2015 07:39:36] "GET /page1.html HTTP/1.1" 200 1592
[28/Mar/2015 07:39:36] "GET /styles.css HTTP/1.1" 304 0
[28/Mar/2015 07:39:36] "GET /style.css HTTP/1.1" 200 159
[28/Mar/2015 07:39:36] "GET /script.js HTTP/1.1" 304 0
[28/Mar/2015 07:39:36] "GET /digitaldivide_01.png HTTP/1.1" 304 0
[28/Mar/2015 07:39:37] "GET /01-edu-motion-chart_files/ui+ko.css HTTP/1.1" 304 0
[28/Mar/2015 07:39:37] "GET /01-edu-motion-chart_files/saved_resource HTTP/1.1" 304 0
[28/Mar/2015 07:39:37] "GET /01-edu-motion-chart_files/format+ko,default+ko,ui+ko,motionchart+ko.I.js HTTP/1.1" 304 0
[28/Mar/2015 07:39:37] "GET /01-edu-motion-chart.htm HTTP/1.1" 200 80645
[28/Mar/2015 07:39:38] "GET /01-edu-motion-chart_files/jsapi HTTP/1.1" 304 0
[28/Mar/2015 07:40:06] "GET /main.html HTTP/1.1" 200 831
[28/Mar/2015 07:40:06] "GET /style.css HTTP/1.1" 304 0
[28/Mar/2015 07:40:06] "GET /digitaldivide_02.png HTTP/1.1" 304 0
[28/Mar/2015 07:40:27] "GET /page1.html HTTP/1.1" 200 1592
[28/Mar/2015 07:40:27] "GET /favicon.ico HTTP/1.1" 404 1624
[28/Mar/2015 07:40:28] "GET /digitaldivide_01.png HTTP/1.1" 200 8594
[28/Mar/2015 07:40:28] "GET /digitaldivide_01.png HTTP/1.1" 200 8594
[28/Mar/2015 07:40:41] "GET /page1.html HTTP/1.1" 304 0
[28/Mar/2015 07:40:42] "GET /style.css HTTP/1.1" 200 211
[28/Mar/2015 07:41:20] "GET /page1.html HTTP/1.1" 200 1639
[28/Mar/2015 07:41:20] "GET /style.css HTTP/1.1" 200 211
[28/Mar/2015 07:41:21] "GET /01-edu-motion-chart.htm HTTP/1.1" 304 0
[28/Mar/2015 07:42:08] "GET /page1.html HTTP/1.1" 200 1639
[28/Mar/2015 07:42:08] "GET /style.css HTTP/1.1" 304 0
[28/Mar/2015 07:42:08] "GET /styles.css HTTP/1.1" 304 0
[28/Mar/2015 07:42:08] "GET /script.js HTTP/1.1" 304 0
[28/Mar/2015 07:42:08] "GET /digitaldivide_01.png HTTP/1.1" 304 0
[28/Mar/2015 07:42:08] "GET /01-edu-motion-chart.htm HTTP/1.1" 304 0
[28/Mar/2015 07:42:08] "GET /01-edu-motion-chart_files/ui+ko.css HTTP/1.1" 304 0
[28/Mar/2015 07:42:08] "GET /01-edu-motion-chart_files/saved_resource HTTP/1.1" 304 0
[28/Mar/2015 07:42:08] "GET /01-edu-motion-chart_files/format+ko,default+ko,ui+ko,motionchart+ko.I.js HTTP/1.1" 304 0
[28/Mar/2015 07:42:08] "GET /01-edu-motion-chart_files/jsapi HTTP/1.1" 304 0
[28/Mar/2015 07:42:09] "GET /page3.html HTTP/1.1" 200 1634
[28/Mar/2015 07:42:09] "GET /style.css HTTP/1.1" 200 211
[28/Mar/2015 07:42:10] "GET /page3.html HTTP/1.1" 200 1634
[28/Mar/2015 07:42:14] "GET /page2.html HTTP/1.1" 200 1644
[28/Mar/2015 07:42:14] "GET /02-gdp-five-factors.html HTTP/1.1" 304 0
[28/Mar/2015 07:42:15] "GET /page2.html HTTP/1.1" 200 1644
[28/Mar/2015 07:42:20] "GET /page3.html HTTP/1.1" 200 1634
[28/Mar/2015 07:42:20] "GET /style.css HTTP/1.1" 304 0
[28/Mar/2015 07:42:21] "GET /03-ict-motion-chart.html HTTP/1.1" 304 0
[28/Mar/2015 07:44:06] "GET /page2.html HTTP/1.1" 200 1644
[28/Mar/2015 07:44:06] "GET /style.css HTTP/1.1" 304 0
[28/Mar/2015 07:44:06] "GET /styles.css HTTP/1.1" 304 0
[28/Mar/2015 07:44:07] "GET /script.js HTTP/1.1" 304 0
[28/Mar/2015 07:44:09] "GET /page1.html HTTP/1.1" 200 1639
[28/Mar/2015 07:45:40] "GET /page3.html HTTP/1.1" 304 0
[28/Mar/2015 07:45:41] "GET /style.css HTTP/1.1" 304 0
[28/Mar/2015 07:45:41] "GET /digitaldivide_01.png HTTP/1.1" 304 0
[28/Mar/2015 07:45:41] "GET /03-ict-motion-chart.html HTTP/1.1" 200 338658
[28/Mar/2015 07:45:55] "GET /page2.html HTTP/1.1" 304 0
[28/Mar/2015 07:45:55] "GET /style.css HTTP/1.1" 304 0
[28/Mar/2015 07:45:56] "GET /02-gdp-five-factors.html HTTP/1.1" 304 0
[28/Mar/2015 07:46:15] "GET /page2.html HTTP/1.1" 200 1644
[28/Mar/2015 07:46:15] "GET /page2.html HTTP/1.1" 200 1644
[28/Mar/2015 07:46:27] "GET /page2.html HTTP/1.0" 200 1644
[28/Mar/2015 07:46:27] "GET / HTTP/1.0" 404 1601
[28/Mar/2015 07:46:53] "GET /page3.html HTTP/1.1" 304 0
[28/Mar/2015 07:46:53] "GET /style.css HTTP/1.1" 304 0
[28/Mar/2015 07:46:53] "GET /03-ict-motion-chart.html HTTP/1.1" 304 0
[28/Mar/2015 07:46:58] "GET /page2.html HTTP/1.1" 200 1644
[28/Mar/2015 07:47:01] "GET /page3.html HTTP/1.1" 200 1634
[28/Mar/2015 07:47:02] "GET /page3.html HTTP/1.1" 200 1634
[28/Mar/2015 07:47:28] "GET /page3.html HTTP/1.1" 200 1634
[28/Mar/2015 07:47:28] "GET / HTTP/1.0" 404 1601
[28/Mar/2015 07:48:38] "GET /page2.html HTTP/1.1" 304 0
[28/Mar/2015 07:48:38] "GET /style.css HTTP/1.1" 304 0
[28/Mar/2015 07:48:38] "GET /02-gdp-five-factors.html HTTP/1.1" 200 106976
[28/Mar/2015 07:49:52] "GET /page3.html HTTP/1.1" 304 0
[28/Mar/2015 07:49:53] "GET /style.css HTTP/1.1" 304 0
[28/Mar/2015 07:49:53] "GET /03-ict-motion-chart.html HTTP/1.1" 304 0
[28/Mar/2015 07:56:57] "GET /page1.html HTTP/1.1" 200 1639
[28/Mar/2015 07:56:58] "GET /style.css HTTP/1.1" 304 0
[28/Mar/2015 07:56:58] "GET /styles.css HTTP/1.1" 304 0
[28/Mar/2015 07:56:58] "GET /script.js HTTP/1.1" 304 0
[28/Mar/2015 07:56:58] "GET /digitaldivide_01.png HTTP/1.1" 304 0
[28/Mar/2015 07:56:59] "GET /01-edu-motion-chart.htm HTTP/1.1" 304 0
[28/Mar/2015 07:56:59] "GET /01-edu-motion-chart_files/ui+ko.css HTTP/1.1" 304 0
[28/Mar/2015 07:56:59] "GET /01-edu-motion-chart_files/saved_resource HTTP/1.1" 304 0
[28/Mar/2015 07:56:59] "GET /01-edu-motion-chart_files/jsapi HTTP/1.1" 304 0
[28/Mar/2015 07:56:59] "GET /01-edu-motion-chart_files/format+ko,default+ko,ui+ko,motionchart+ko.I.js HTTP/1.1" 304 0
[28/Mar/2015 07:57:11] "GET /main.html HTTP/1.1" 304 0
[28/Mar/2015 07:57:12] "GET /digitaldivide_02.png HTTP/1.1" 304 0
[28/Mar/2015 07:57:18] "GET /page1.html HTTP/1.1" 304 0
[28/Mar/2015 07:57:19] "GET /style.css HTTP/1.1" 304 0
[28/Mar/2015 07:57:19] "GET /script.js HTTP/1.1" 304 0
[28/Mar/2015 07:57:19] "GET /styles.css HTTP/1.1" 304 0
[28/Mar/2015 07:57:19] "GET /digitaldivide_01.png HTTP/1.1" 304 0
[28/Mar/2015 07:57:19] "GET /01-edu-motion-chart.htm HTTP/1.1" 200 80645
[28/Mar/2015 07:57:59] "GET /page2.html HTTP/1.1" 200 1644
[28/Mar/2015 07:58:04] "GET /02-gdp-five-factors.html HTTP/1.1" 200 106976
[28/Mar/2015 07:58:25] "GET /page3.html HTTP/1.1" 200 1634
[28/Mar/2015 07:58:27] "GET /03-ict-motion-chart.html HTTP/1.1" 200 338658
[28/Mar/2015 07:59:05] "GET /style.css HTTP/1.1" 304 0
[28/Mar/2015 08:00:21] "GET / HTTP/1.1" 404 1601
[28/Mar/2015 08:00:24] "GET /main.html HTTP/1.1" 200 831
[28/Mar/2015 08:00:24] "GET /style.css HTTP/1.1" 304 0
[28/Mar/2015 08:00:24] "GET /styles.css HTTP/1.1" 304 0
[28/Mar/2015 08:00:24] "GET /script.js HTTP/1.1" 304 0
[28/Mar/2015 08:00:24] "GET /digitaldivide_03.png HTTP/1.1" 200 154470
[28/Mar/2015 08:19:38] "GET /page3.html HTTP/1.1" 304 0
[28/Mar/2015 08:19:38] "GET /style.css HTTP/1.1" 304 0
[28/Mar/2015 08:19:38] "GET /styles.css HTTP/1.1" 304 0
[28/Mar/2015 08:19:38] "GET /script.js HTTP/1.1" 304 0
[28/Mar/2015 08:19:38] "GET /digitaldivide_01.png HTTP/1.1" 304 0
[28/Mar/2015 08:19:38] "GET /03-ict-motion-chart.html HTTP/1.1" 304 0
[28/Mar/2015 08:19:52] "GET /page1.html HTTP/1.1" 304 0
[28/Mar/2015 08:19:52] "GET /01-edu-motion-chart.htm HTTP/1.1" 304 0
[28/Mar/2015 08:20:05] "GET /main.html HTTP/1.1" 200 831
[28/Mar/2015 08:20:05] "GET /digitaldivide_03.png HTTP/1.1" 200 154470
[28/Mar/2015 08:21:28] "GET /page2.html HTTP/1.1" 304 0
[28/Mar/2015 08:21:28] "GET /02-gdp-five-factors.html HTTP/1.1" 304 0
[28/Mar/2015 08:25:17] "GET /style.css HTTP/1.1" 304 0
[28/Mar/2015 08:25:17] "GET /02-gdp-five-factors.html HTTP/1.1" 304 0
[28/Mar/2015 08:26:23] "GET /main.html HTTP/1.1" 200 831
[28/Mar/2015 08:26:23] "GET /style.css HTTP/1.1" 304 0
[28/Mar/2015 08:26:23] "GET /styles.css HTTP/1.1" 304 0
[28/Mar/2015 08:26:23] "GET /script.js HTTP/1.1" 304 0
[28/Mar/2015 08:26:24] "GET /digitaldivide_03.png HTTP/1.1" 200 154470
[28/Mar/2015 08:27:07] "GET /page1.html HTTP/1.1" 304 0
[28/Mar/2015 08:27:08] "GET /01-edu-motion-chart.htm HTTP/1.1" 304 0
[28/Mar/2015 08:27:08] "GET /digitaldivide_01.png HTTP/1.1" 304 0
[28/Mar/2015 08:27:18] "GET /main.html HTTP/1.1" 304 0
[28/Mar/2015 08:27:19] "GET /style.css HTTP/1.1" 200 211
[28/Mar/2015 08:27:19] "GET /script.js HTTP/1.1" 304 0
[28/Mar/2015 08:27:19] "GET /styles.css HTTP/1.1" 304 0
[28/Mar/2015 08:27:19] "GET /digitaldivide_03.png HTTP/1.1" 304 0
[28/Mar/2015 08:29:11] "GET /page2.html HTTP/1.1" 304 0
[28/Mar/2015 08:29:12] "GET /02-gdp-five-factors.html HTTP/1.1" 304 0
[28/Mar/2015 08:34:06] "GET /page3.html HTTP/1.1" 304 0
[28/Mar/2015 08:34:07] "GET /style.css HTTP/1.1" 304 0
[28/Mar/2015 08:34:07] "GET /03-ict-motion-chart.html HTTP/1.1" 304 0
